Starting ChromeDriver 80.0.3987.16 (320f6526c1632ad4f205ebce69b99a062ed78647-refs/branch-heads/3987@{#185}) on port 9515
Only local connections are allowed.
Please protect ports used by ChromeDriver and related test frameworks to prevent access by malicious code.
[1589147651.899][WARNING]: This version of ChromeDriver has not been tested with Chrome version 81.
[1589147653.966][WARNING]: Timed out connecting to Chrome, retrying...
[1589147656.437][SEVERE]: Timed out receiving message from renderer: 0.100
[1589147656.705][SEVERE]: Timed out receiving message from renderer: 0.100
[1589147656.987][SEVERE]: Timed out receiving message from renderer: 0.100
[1589147657.329][SEVERE]: Timed out receiving message from renderer: 0.100
[1589147657.679][SEVERE]: Timed out receiving message from renderer: 0.100
[1589147659.720][WARNING]: This version of ChromeDriver has not been tested with Chrome version 81.
[1589147661.739][WARNING]: Timed out connecting to Chrome, retrying...
[1589147664.203][SEVERE]: Timed out receiving message from renderer: 0.100
[1589147668.039][WARNING]: This version of ChromeDriver has not been tested with Chrome version 81.
[1589147670.291][WARNING]: Timed out connecting to Chrome, retrying...
[1589147672.752][SEVERE]: Timed out receiving message from renderer: 0.100
[1589147672.977][SEVERE]: Timed out receiving message from renderer: 0.100
[1589147673.128][SEVERE]: Timed out receiving message from renderer: 0.100
[1589147673.258][SEVERE]: Timed out receiving message from renderer: 0.100
[1589147673.431][SEVERE]: Timed out receiving message from renderer: 0.100
[1589147673.870][SEVERE]: Timed out receiving message from renderer: 0.100
[1589147675.333][SEVERE]: Timed out receiving message from renderer: 0.100
[1589147678.345][SEVERE]: Timed out receiving message from renderer: 0.100
[1589147678.446][SEVERE]: Timed out receiving message from renderer: 0.100
[1589147678.547][SEVERE]: Timed out receiving message from renderer: 0.100
[1589147678.649][SEVERE]: Timed out receiving message from renderer: 0.100
[1589147678.750][SEVERE]: Timed out receiving message from renderer: 0.100
[1589147680.545][WARNING]: This version of ChromeDriver has not been tested with Chrome version 81.
[1589147682.583][WARNING]: Timed out connecting to Chrome, retrying...
[1589147685.082][SEVERE]: Timed out receiving message from renderer: 0.100
[1589147685.454][SEVERE]: Timed out receiving message from renderer: 0.100
[1589147685.751][SEVERE]: Timed out receiving message from renderer: 0.100
[1589147686.139][SEVERE]: Timed out receiving message from renderer: 0.100
